<?xml version="1.0" encoding="UTF-8"?>
<coverage generated="1644494729236" clover="3.2.0">
  <project timestamp="1644494729236" name="All files">
    <metrics statements="6" coveredstatements="6" conditionals="2" coveredconditionals="1" methods="4" coveredmethods="4" elements="12" coveredelements="11" complexity="0" loc="6" ncloc="6" packages="2" files="3" classes="3"/>
    <package name="components">
      <metrics statements="4" coveredstatements="4" conditionals="2" coveredconditionals="1" methods="4" coveredmethods="4"/>
      <file name="AddTargetRules.vue" path="/Users/user/Documents/AdCash/adcash-test/src/components/AddTargetRules.vue">
        <metrics statements="3" coveredstatements="3" conditionals="2" coveredconditionals="1" methods="2" coveredmethods="2"/>
        <line num="131" count="4" type="stmt"/>
        <line num="141" count="2" type="cond" truecount="1" falsecount="1"/>
        <line num="142" count="2" type="stmt"/>
      </file>
      <file name="DeleteDialog.vue" path="/Users/user/Documents/AdCash/adcash-test/src/components/DeleteDialog.vue">
        <metrics statements="1" coveredstatements="1" conditionals="0" coveredconditionals="0" methods="2" coveredmethods="2"/>
        <line num="60" count="3" type="stmt"/>
      </file>
    </package>
    <package name="utils">
      <metrics statements="2" coveredstatements="2" conditionals="0" coveredconditionals="0" methods="0" coveredmethods="0"/>
      <file name="exampleData.js" path="/Users/user/Documents/AdCash/adcash-test/src/utils/exampleData.js">
        <metrics statements="2" coveredstatements="2" conditionals="0" coveredconditionals="0" methods="0" coveredmethods="0"/>
        <line num="1" count="1" type="stmt"/>
        <line num="15" count="1" type="stmt"/>
      </file>
    </package>
  </project>
</coverage>
