{"/Users/user/Documents/AdCash/adcash-test/src/components/AddTargetRules.vue": {"path":"/Users/user/Documents/AdCash/adcash-test/src/components/AddTargetRules.vue","statementMap":{"0":{"start":{"line":131,"column":0},"end":{"line":131,"column":null}},"1":{"start":{"line":141,"column":0},"end":{"line":143,"column":null}},"2":{"start":{"line":142,"column":0},"end":{"line":142,"column":null}}},"fnMap":{"0":{"name":"(anonymous_1)","decl":{"start":{"line":131,"column":0},"end":{"line":131,"column":null}},"loc":{"start":{"line":131,"column":0},"end":{"line":131,"column":null}}},"1":{"name":"(anonymous_2)","decl":{"start":{"line":140,"column":0},"end":{"line":140,"column":null}},"loc":{"start":{"line":140,"column":0},"end":{"line":144,"column":null}}}},"branchMap":{"0":{"loc":{"start":{"line":141,"column":0},"end":{"line":143,"column":null}},"type":"if","locations":[{"start":{"line":141,"column":0},"end":{"line":143,"column":null}},{"start":{"line":141,"column":0},"end":{"line":143,"column":null}}]}},"s":{"0":4,"1":2,"2":2},"f":{"0":4,"1":2},"b":{"0":[2,0]}}
,"/Users/user/Documents/AdCash/adcash-test/src/components/DeleteDialog.vue": {"path":"/Users/user/Documents/AdCash/adcash-test/src/components/DeleteDialog.vue","statementMap":{"0":{"start":{"line":60,"column":0},"end":{"line":60,"column":null}}},"fnMap":{"0":{"name":"(anonymous_1)","decl":{"start":{"line":59,"column":0},"end":{"line":59,"column":null}},"loc":{"start":{"line":59,"column":0},"end":{"line":61,"column":null}}},"1":{"name":"(anonymous_2)","decl":{"start":{"line":62,"column":0},"end":{"line":62,"column":null}},"loc":{"start":{"line":62,"column":0},"end":{"line":62,"column":null}}}},"branchMap":{},"s":{"0":3},"f":{"0":3,"1":3},"b":{}}
,"/Users/user/Documents/AdCash/adcash-test/src/utils/exampleData.js": {"path":"/Users/user/Documents/AdCash/adcash-test/src/utils/exampleData.js","statementMap":{"0":{"start":{"line":1,"column":30},"end":{"line":14,"column":1}},"1":{"start":{"line":15,"column":32},"end":{"line":36,"column":1}}},"fnMap":{},"branchMap":{},"s":{"0":1,"1":1},"f":{},"b":{},"_coverageSchema":"43e27e138ebf9cfc5966b082cf9a028302ed4184","hash":"8511138f5ebedd0d23b5f9aaa92ac85498dee972"}
}
