TN:
SF:/Users/user/Documents/AdCash/adcash-test/src/components/AddTargetRules.vue
FN:131,(anonymous_1)
FN:140,(anonymous_2)
FNF:2
FNH:2
FNDA:4,(anonymous_1)
FNDA:2,(anonymous_2)
DA:131,4
DA:141,2
DA:142,2
LF:3
LH:3
BRDA:141,0,0,2
BRDA:141,0,1,0
BRF:2
BRH:1
end_of_record
TN:
SF:/Users/user/Documents/AdCash/adcash-test/src/components/DeleteDialog.vue
FN:59,(anonymous_1)
FN:62,(anonymous_2)
FNF:2
FNH:2
FNDA:3,(anonymous_1)
FNDA:3,(anonymous_2)
DA:60,3
LF:1
LH:1
BRF:0
BRH:0
end_of_record
TN:
SF:/Users/user/Documents/AdCash/adcash-test/src/utils/exampleData.js
FNF:0
FNH:0
DA:1,1
DA:15,1
LF:2
LH:2
BRF:0
BRH:0
end_of_record
